<?xml version="1.0" encoding="UTF-8"?>
<!-- Generated by org.testng.reporters.JUnitReportReporter -->
<testsuite hostname="malki-ThinkPad-T530" name="org.wso2.extension.siddhi.store.influxdb.DefineInfluxDBTableTestCase" tests="9" failures="0" timestamp="28 Feb 2019 04:48:07 GMT" time="14.573" errors="0">
  <testcase name="influxDBTableCreationTest" time="1.631" classname="org.wso2.extension.siddhi.store.influxdb.DefineInfluxDBTableTestCase"/>
  <testcase name="influxDBTablWithIncorrectUrlTest" time="1.406" classname="org.wso2.extension.siddhi.store.influxdb.DefineInfluxDBTableTestCase"/>
  <testcase name="influxDBTableCreationWithoutPasswordTest" time="1.140" classname="org.wso2.extension.siddhi.store.influxdb.DefineInfluxDBTableTestCase"/>
  <testcase name="tableDefinitionWithNonExistingDatabaseTest" time="1.976" classname="org.wso2.extension.siddhi.store.influxdb.DefineInfluxDBTableTestCase"/>
  <testcase name="influxDBTableDefinitionWithIncorrectPasswordTest" time="1.842" classname="org.wso2.extension.siddhi.store.influxdb.DefineInfluxDBTableTestCase"/>
  <testcase name="influxDBTableCreationWithoutDatabaseTest" time="1.271" classname="org.wso2.extension.siddhi.store.influxdb.DefineInfluxDBTableTestCase"/>
  <testcase name="influxDBTableWithoutUsernameTest" time="1.906" classname="org.wso2.extension.siddhi.store.influxdb.DefineInfluxDBTableTestCase"/>
  <testcase name="influxDBTableDefinitionWithoutUrlTest" time="1.513" classname="org.wso2.extension.siddhi.store.influxdb.DefineInfluxDBTableTestCase"/>
  <testcase name="influxDBTableWithIncorrectUsernameTest" time="1.888" classname="org.wso2.extension.siddhi.store.influxdb.DefineInfluxDBTableTestCase"/>
</testsuite> <!-- org.wso2.extension.siddhi.store.influxdb.DefineInfluxDBTableTestCase -->
