<?xml version="1.0" encoding="UTF-8"?>
<!-- Generated by org.testng.reporters.JUnitReportReporter -->
<testsuite hostname="malki-ThinkPad-T530" name="org.wso2.extension.siddhi.store.influxdb.InsertIntoInfluxDBTestCase" tests="5" failures="0" timestamp="28 Feb 2019 04:48:07 GMT" time="6.863" errors="0">
  <testcase name="insertIntoTableTest" time="1.606" classname="org.wso2.extension.siddhi.store.influxdb.InsertIntoInfluxDBTestCase"/>
  <testcase name="insertIntoTableWithSingleTagKeyTest" time="1.690" classname="org.wso2.extension.siddhi.store.influxdb.InsertIntoInfluxDBTestCase"/>
  <testcase name="insertIntoTableWithIncorretTimeFormatTest" time="1.068" classname="org.wso2.extension.siddhi.store.influxdb.InsertIntoInfluxDBTestCase"/>
  <testcase name="insertIntoTableWithTwoTagKeysTest" time="1.158" classname="org.wso2.extension.siddhi.store.influxdb.InsertIntoInfluxDBTestCase"/>
  <testcase name="insertIntoTableWithoutTagKeysTest" time="1.341" classname="org.wso2.extension.siddhi.store.influxdb.InsertIntoInfluxDBTestCase"/>
</testsuite> <!-- org.wso2.extension.siddhi.store.influxdb.InsertIntoInfluxDBTestCase -->
