<?xml version="1.0" encoding="UTF-8"?>
<!-- Generated by org.testng.reporters.JUnitReportReporter -->
<testsuite hostname="malki-ThinkPad-T530" name="org.wso2.extension.siddhi.store.influxdb.ReadEventInfluxDBTestCase" tests="8" failures="0" timestamp="28 Feb 2019 04:48:07 GMT" time="15.539" errors="0">
  <testcase name="readEventInfluxTableTestCase" time="2.384" classname="org.wso2.extension.siddhi.store.influxdb.ReadEventInfluxDBTestCase"/>
  <testcase name="readEventsInfluxTableTest" time="2.333" classname="org.wso2.extension.siddhi.store.influxdb.ReadEventInfluxDBTestCase"/>
  <testcase name="readFromNonExistingTableTest" time="0.990" classname="org.wso2.extension.siddhi.store.influxdb.ReadEventInfluxDBTestCase"/>
  <testcase name="readEventsInfluxTableTestCase" time="3.258" classname="org.wso2.extension.siddhi.store.influxdb.ReadEventInfluxDBTestCase"/>
  <testcase name="readEventsWithoutConditionTest" time="1.791" classname="org.wso2.extension.siddhi.store.influxdb.ReadEventInfluxDBTestCase"/>
  <testcase name="readEventInfluxTableTest" time="1.867" classname="org.wso2.extension.siddhi.store.influxdb.ReadEventInfluxDBTestCase"/>
  <testcase name="readEventInfluxTableTestCase6" time="1.807" classname="org.wso2.extension.siddhi.store.influxdb.ReadEventInfluxDBTestCase"/>
  <testcase name="readEventWithoutDefineStreamTest" time="1.109" classname="org.wso2.extension.siddhi.store.influxdb.ReadEventInfluxDBTestCase"/>
</testsuite> <!-- org.wso2.extension.siddhi.store.influxdb.ReadEventInfluxDBTestCase -->
