<?xml version="1.0" encoding="UTF-8"?>
<!-- Generated by org.testng.reporters.JUnitReportReporter -->
<testsuite hostname="malki-ThinkPad-T530" name="org.wso2.extension.siddhi.store.influxdb.DeleteFromInfluxDBTestCase" tests="4" failures="0" timestamp="28 Feb 2019 04:48:07 GMT" time="11.434" errors="0">
  <testcase name="deleteFromInfluxDBTableTestWithSingleCondition" time="2.649" classname="org.wso2.extension.siddhi.store.influxdb.DeleteFromInfluxDBTestCase"/>
  <testcase name="deleteFromInfluxDBTableTest" time="2.417" classname="org.wso2.extension.siddhi.store.influxdb.DeleteFromInfluxDBTestCase"/>
  <testcase name="deleteFromITableWithTwoConditionsTest" time="3.320" classname="org.wso2.extension.siddhi.store.influxdb.DeleteFromInfluxDBTestCase"/>
  <testcase name="deleteFromTableTestWithSingleCondition" time="3.048" classname="org.wso2.extension.siddhi.store.influxdb.DeleteFromInfluxDBTestCase"/>
</testsuite> <!-- org.wso2.extension.siddhi.store.influxdb.DeleteFromInfluxDBTestCase -->
