<?xml version="1.0" encoding="UTF-8"?>
<!-- Generated by org.testng.reporters.JUnitReportReporter -->
<testsuite hostname="malki-ThinkPad-T530" name="org.wso2.extension.siddhi.store.influxdb.ContainsInInfluxDBTestCase" tests="3" failures="0" timestamp="28 Feb 2019 04:48:07 GMT" time="96.025" errors="0">
  <testcase name="containsCheckTestWithSingleCondition" time="32.320" classname="org.wso2.extension.siddhi.store.influxdb.ContainsInInfluxDBTestCase"/>
  <testcase name="containsCheckTestWithDefinedStream" time="31.859" classname="org.wso2.extension.siddhi.store.influxdb.ContainsInInfluxDBTestCase"/>
  <testcase name="containsCheckTestWithTwoConditions" time="31.846" classname="org.wso2.extension.siddhi.store.influxdb.ContainsInInfluxDBTestCase"/>
</testsuite> <!-- org.wso2.extension.siddhi.store.influxdb.ContainsInInfluxDBTestCase -->
